2025-11-29 17:25:38,702 - recommendation - INFO - 开始训练流程
2025-11-29 17:25:38,781 - recommendation - INFO - 数据加载完成: {'n_users': 268, 'n_movies': 450, 'n_ratings': 32999, 'avg_rating': np.float64(3.690460316979302), 'sparsity': 0.7263764510779436}
2025-11-29 17:25:38,794 - recommendation - INFO - 模型创建完成，参数量: 72,833
2025-11-29 17:28:37,080 - recommendation - INFO - 开始训练流程
2025-11-29 17:28:37,144 - recommendation - INFO - 数据加载完成: {'n_users': 268, 'n_movies': 450, 'n_ratings': 32999, 'avg_rating': np.float64(3.690460316979302), 'sparsity': 0.7263764510779436}
2025-11-29 17:28:37,146 - recommendation - INFO - 模型创建完成，参数量: 72,833
2025-11-29 17:34:40,710 - recommendation - INFO - 训练完成，最佳验证损失: 0.6685
2025-11-29 17:34:40,720 - recommendation - INFO - 开始测试集评估
2025-11-29 17:34:48,647 - recommendation - INFO - 测试集 RMSE: 0.8453
2025-11-29 17:36:52,841 - recommendation - INFO - 开始评估流程
2025-11-29 17:37:41,585 - recommendation - INFO - 为用户 1 生成Top-10推荐
2025-11-29 17:39:52,226 - recommendation - INFO - 开始评估流程
2025-11-30 04:37:06,388 - recommendation - INFO - 开始训练流程
2025-11-30 04:37:06,522 - recommendation - INFO - 数据加载完成: {'n_users': 268, 'n_movies': 450, 'n_ratings': 32999, 'avg_rating': np.float64(3.690460316979302), 'sparsity': 0.7263764510779436}
2025-11-30 04:37:06,538 - recommendation - INFO - 模型创建完成，参数量: 72,833
2025-11-30 12:49:32,721 - recommendation - INFO - 开始训练流程
2025-11-30 12:49:32,780 - recommendation - INFO - 数据加载完成: {'n_users': 268, 'n_movies': 450, 'n_ratings': 32999, 'avg_rating': np.float64(3.690460316979302), 'sparsity': 0.7263764510779436}
2025-11-30 12:49:32,791 - recommendation - INFO - 模型创建完成，参数量: 72,833
2025-11-30 12:54:24,773 - recommendation - INFO - 训练完成，最佳验证损失: 0.6719
2025-11-30 12:54:24,777 - recommendation - INFO - 开始测试集评估
2025-11-30 12:54:31,372 - recommendation - INFO - 测试集 RMSE: 0.8420
2025-11-30 12:55:00,771 - recommendation - INFO - 开始评估流程
2025-11-30 12:57:20,938 - recommendation - INFO - 开始评估流程
2025-11-30 13:02:41,605 - recommendation - INFO - 开始评估流程
2025-11-30 13:05:15,702 - recommendation - INFO - 开始评估流程
2025-11-30 13:05:15,702 - recommendation - INFO -  加载模型: models\best_model.pth
